android/app/build/outputs/mapping/release/mapping.txt
# compiler: R8
# compiler_version: 8.5.10
# min_api: 21
# common_typos_disable
# {"id":"com.android.tools.r8.mapping","version":"2.2"}
# pg_map_id: 63cce51
# pg_map_hash: SHA-256 63cce515baf61f9e03e5abe831551e2d6e500ee97deba3aa492dfe944b5d963e
com.fvergaracl.interralink.Application -> com.fvergaracl.interralink.Application:
# {"id":"sourceFile","fileName":"Application.java"}
com.fvergaracl.interralink.DelegationService -> com.fvergaracl.interralink.DelegationService:
# {"id":"sourceFile","fileName":"DelegationService.java"}
com.fvergaracl.interralink.LauncherActivity -> com.fvergaracl.interralink.LauncherActivity:
# {"id":"sourceFile","fileName":"LauncherActivity.java"}
    1:1:android.net.Uri getLaunchingUrl():0:0 -> h
...
com.google.android.gms.common.internal.zad -> s.A:
# {"id":"sourceFile","fileName":"com.google.android.gms:play-services-base@@18.1.0"}
    android.content.Intent zaa -> a
    android.app.Activity zab -> b
    int zac -> c
    1:10:void <init>(android.content.Intent,android.app.Activity,int):0:0 -> <init>
    1:12:void zaa():0:0 -> a
com.google.android.gms.common.internal.zaf -> s.B:
# {"id":"sourceFile","fileName":"com.google.android.gms:play-services-base@@18.1.0"}
    android.content.Intent zaa -> a
    com.google.android.gms.common.api.internal.LifecycleFragment zab -> b
      # {"id":"com.android.tools.r8.residualsignature","signature":"Lr/f;"}
    1:8:void <init>(android.content.Intent,com.google.android.gms.common.api.internal.LifecycleFragment,int):0:0 -> <init>
      # {"id":"com.android.tools.r8.residualsignature","signature":"(Landroid/content/Intent;Lr/f;I)V"}
    1:11:void zaa():0:0 -> a
com.google.android.gms.common.internal.zag -> s.C:
# {"id":"sourceFile","fileName":"com.google.android.gms:play-services-base@@18.1.0"}
    1:4:void <init>():0:0 -> <init>
    void zaa() -> a
    1:6:com.google.android.gms.common.internal.zag zab(android.app.Activity,android.content.Intent,int):0:0 -> b
      # {"id":"com.android.tools.r8.residualsignature","signature":"(Landroid/app/Activity;Landroid/content/Intent;I)Ls/C;"}
    1:7:com.google.android.gms.common.internal.zag zad(com.google.android.gms.common.api.internal.LifecycleFragment,android.content.Intent,int):0:0 -> c
      # {"id":"com.android.tools.r8.residualsignature","signature":"(Lr/f;Landroid/content/Intent;I)Ls/C;"}
    1:39:void onClick(android.content.DialogInterface,int):0:0 -> onClick
com.google.android.gms.common.internal.zah -> s.D:
# {"id":"sourceFile","fileName":"com.google.android.gms:play-services-base@@18.1.0"}
    com.google.android.gms.common.api.internal.ConnectionCallbacks zaa -> a
      # {"id":"com.android.tools.r8.residualsignature","signature":"Lr/c;"}
    1:6:void <init>(com.google.android.gms.common.api.internal.ConnectionCallbacks):0:0 -> <init>
      # {"id":"com.android.tools.r8.residualsignature","signature":"(Lr/c;)V"}
    1:6:void onConnectionSuspended(int):0:0 -> a
    1:6:void onConnected(android.os.Bundle):0:0 -> d
com.google.android.gms.common.internal.zai -> s.E:
# {"id":"sourceFile","fileName":"com.google.android.gms:play-services-base@@18.1.0"}
    com.google.android.gms.common.api.internal.OnConnectionFailedListener zaa -> a
      # {"id":"com.android.tools.r8.residualsignature","signature":"Lr/h;"}
    1:6:void <init>(com.google.android.gms.common.api.internal.OnConnectionFailedListener):0:0 -> <init>
      # {"id":"com.android.tools.r8.residualsignature","signature":"(Lr/h;)V"}
    1:6:void onConnectionFailed(com.google.android.gms.common.ConnectionResult):0:0 -> b
      # {"id":"com.android.tools.r8.residualsignature","signature":"(Lp/a;)V"}
com.google.android.gms.common.internal.zal -> s.F:
# {"id":"sourceFile","fileName":"com.google.android.gms:play-services-base@@18.1.0"}
    android.util.SparseIntArray zaa -> a
    com.google.android.gms.common.GoogleApiAvailabilityLight zab -> b
      # {"id":"com.android.tools.r8.residualsignature","signature":"Lp/g;"}
    1:16:void <init>(com.google.android.gms.common.GoogleApiAvailabilityLight):0:0 -> <init>
      # {"id":"com.android.tools.r8.residualsignature","signature":"(Lp/g;)V"}
    1:8:int zaa(android.content.Context,int):0:0 -> a
    1:73:int zab(android.content.Context,com.google.android.gms.common.api.Api$Client):0:0 -> b
      # {"id":"com.android.tools.r8.residualsignature","signature":"(Landroid/content/Context;Lq/a$f;)I"}
    1:6:void zac():0:0 -> c
com.google.android.gms.common.internal.zan -> s.G:
# {"id":"sourceFile","fileName":"com.google.android.gms:play-services-base@@18.1.0"}
    1:4:void <init>():0:0 -> <init>
    3:112:java.lang.Object createFromParcel(android.os.Parcel):0:0 -> createFromParcel
    1:3:java.lang.Object[] newArray(int):0:0 -> newArray